Determining if the pthread_create exist failed with the following output:
Change Dir: /home/ll/share/cluster-chat/package/build/release-cpp11/CMakeFiles/CMakeTmp

Run Build Command:/usr/bin/make "cmTryCompileExec4272144748/fast"
/usr/bin/make -f CMakeFiles/cmTryCompileExec4272144748.dir/build.make CMakeFiles/cmTryCompileExec4272144748.dir/build
make[1]: Entering directory `/home/ll/share/cluster-chat/package/build/release-cpp11/CMakeFiles/CMakeTmp'
/usr/bin/cmake -E cmake_progress_report /home/ll/share/cluster-chat/package/build/release-cpp11/CMakeFiles/CMakeTmp/CMakeFiles 1
Building C object CMakeFiles/cmTryCompileExec4272144748.dir/CheckSymbolExists.c.o
/usr/bin/cc    -o CMakeFiles/cmTryCompileExec4272144748.dir/CheckSymbolExists.c.o   -c /home/ll/share/cluster-chat/package/build/release-cpp11/CMakeFiles/CMakeTmp/CheckSymbolExists.c
Linking C executable cmTryCompileExec4272144748
/usr/bin/cmake -E cmake_link_script CMakeFiles/cmTryCompileExec4272144748.dir/link.txt --verbose=1
/usr/bin/cc       CMakeFiles/cmTryCompileExec4272144748.dir/CheckSymbolExists.c.o  -o cmTryCompileExec4272144748 -rdynamic 
CMakeFiles/cmTryCompileExec4272144748.dir/CheckSymbolExists.c.o: In function `main':
CheckSymbolExists.c:(.text+0x16): undefined reference to `pthread_create'
collect2: error: ld returned 1 exit status
make[1]: Leaving directory `/home/ll/share/cluster-chat/package/build/release-cpp11/CMakeFiles/CMakeTmp'
make[1]: *** [cmTryCompileExec4272144748] Error 1
make: *** [cmTryCompileExec4272144748/fast] Error 2

File /home/ll/share/cluster-chat/package/build/release-cpp11/CMakeFiles/CMakeTmp/CheckSymbolExists.c:
/* */
#include <pthread.h>

int main(int argc, char** argv)
{
  (void)argv;
#ifndef pthread_create
  return ((int*)(&pthread_create))[argc];
#else
  (void)argc;
  return 0;
#endif
}

Determining if the function pthread_create exists in the pthreads failed with the following output:
Change Dir: /home/ll/share/cluster-chat/package/build/release-cpp11/CMakeFiles/CMakeTmp

Run Build Command:/usr/bin/make "cmTryCompileExec1644618591/fast"
/usr/bin/make -f CMakeFiles/cmTryCompileExec1644618591.dir/build.make CMakeFiles/cmTryCompileExec1644618591.dir/build
make[1]: Entering directory `/home/ll/share/cluster-chat/package/build/release-cpp11/CMakeFiles/CMakeTmp'
/usr/bin/cmake -E cmake_progress_report /home/ll/share/cluster-chat/package/build/release-cpp11/CMakeFiles/CMakeTmp/CMakeFiles 1
Building C object CMakeFiles/cmTryCompileExec1644618591.dir/CheckFunctionExists.c.o
/usr/bin/cc   -DCHECK_FUNCTION_EXISTS=pthread_create   -o CMakeFiles/cmTryCompileExec1644618591.dir/CheckFunctionExists.c.o   -c /usr/share/cmake-2.8/Modules/CheckFunctionExists.c
Linking C executable cmTryCompileExec1644618591
/usr/bin/cmake -E cmake_link_script CMakeFiles/cmTryCompileExec1644618591.dir/link.txt --verbose=1
/usr/bin/cc   -DCHECK_FUNCTION_EXISTS=pthread_create    CMakeFiles/cmTryCompileExec1644618591.dir/CheckFunctionExists.c.o  -o cmTryCompileExec1644618591 -rdynamic -lpthreads 
/usr/bin/ld: cannot find -lpthreads
collect2: error: ld returned 1 exit status
make[1]: Leaving directory `/home/ll/share/cluster-chat/package/build/release-cpp11/CMakeFiles/CMakeTmp'
make[1]: *** [cmTryCompileExec1644618591] Error 1
make: *** [cmTryCompileExec1644618591/fast] Error 2


